<?xml version="1.0" encoding="UTF-8"?>
<!-- Generated by org.testng.reporters.JUnitXMLReporter -->
<testsuite ignored="0" hostname="OPT-LTP-048" failures="0" tests="4" name="Test" time="13.081" errors="0" timestamp="2021-04-20T10:56:52 IST">
  <testcase classname="Academy.validateNavigationBar" name="validateAppNavBar" time="0.057"/>
  <testcase classname="Academy.HomePage" name="basePageNavigation" time="2.379"/>
  <testcase classname="Academy.HomePage" name="basePageNavigation" time="3.058"/>
  <testcase classname="Academy.validateTitle" name="validateAppTitle" time="0.026"/>
</testsuite> <!-- Test -->
