<?xml version="1.0" encoding="UTF-8"?>
<!-- Generated by org.testng.reporters.JUnitXMLReporter -->
<testsuite hostname="OPT-LTP-048" ignored="0" name="Test" tests="4" failures="0" timestamp="2021-04-20T11:02:30 IST" time="19.321" errors="0">
  <testcase name="validateAppNavBar" time="0.065" classname="Academy.validateNavigationBar"/>
  <testcase name="basePageNavigation" time="4.227" classname="Academy.HomePage"/>
  <testcase name="basePageNavigation" time="2.917" classname="Academy.HomePage"/>
  <testcase name="validateAppTitle" time="0.034" classname="Academy.validateTitle"/>
</testsuite> <!-- Test -->
