<?xml version="1.0" encoding="UTF-8"?>
<testng-results ignored="0" total="5" passed="5" failed="0" skipped="0">
  <reporter-output>
  </reporter-output>
  <suite started-at="2021-04-22T16:09:00 IST" name="Suite" finished-at="2021-04-22T16:09:17 IST" duration-ms="17051">
    <groups>
    </groups>
    <test started-at="2021-04-22T16:09:00 IST" name="App testing" finished-at="2021-04-22T16:09:00 IST" duration-ms="9">
    </test> <!-- App testing -->
    <test started-at="2021-04-22T16:09:00 IST" name="validating navigation Bar" finished-at="2021-04-22T16:09:04 IST" duration-ms="4373">
      <class name="Academy.validateNavigationBar">
        <test-method is-config="true" signature="initialize()[pri:0, instance:Academy.validateNavigationBar@c8b96ec]" started-at="2021-04-22T16:09:00 IST" name="initialize" finished-at="2021-04-22T16:09:04 IST" duration-ms="4012" status="PASS">
          <reporter-output>
          </reporter-output>
        </test-method> <!-- initialize -->
        <test-method signature="validateAppNavBar()[pri:0, instance:Academy.validateNavigationBar@c8b96ec]" started-at="2021-04-22T16:09:04 IST" name="validateAppNavBar" finished-at="2021-04-22T16:09:04 IST" duration-ms="147" status="PASS">
          <reporter-output>
          </reporter-output>
        </test-method> <!-- validateAppNavBar -->
        <test-method is-config="true" signature="teardown()[pri:0, instance:Academy.validateNavigationBar@c8b96ec]" started-at="2021-04-22T16:09:04 IST" name="teardown" finished-at="2021-04-22T16:09:04 IST" duration-ms="163" status="PASS">
          <reporter-output>
          </reporter-output>
        </test-method> <!-- teardown -->
      </class> <!-- Academy.validateNavigationBar -->
    </test> <!-- validating navigation Bar -->
    <test started-at="2021-04-22T16:09:05 IST" name="validating user login" finished-at="2021-04-22T16:09:13 IST" duration-ms="8632">
      <class name="Academy.HomePage">
        <test-method is-config="true" signature="initialize()[pri:0, instance:Academy.HomePage@54e7391d]" started-at="2021-04-22T16:09:05 IST" name="initialize" finished-at="2021-04-22T16:09:06 IST" duration-ms="1374" status="PASS">
          <reporter-output>
          </reporter-output>
        </test-method> <!-- initialize -->
        <test-method signature="basePageNavigation(java.lang.String, java.lang.String, java.lang.String)[pri:0, instance:Academy.HomePage@54e7391d]" started-at="2021-04-22T16:09:06 IST" name="basePageNavigation" data-provider="getData" finished-at="2021-04-22T16:09:10 IST" duration-ms="3831" status="PASS">
          <params>
            <param index="0">
              <value>
                <![CDATA[nonrestricteduser@qw.com]]>
              </value>
            </param>
            <param index="1">
              <value>
                <![CDATA[123456]]>
              </value>
            </param>
            <param index="2">
              <value>
                <![CDATA[Restrcited User]]>
              </value>
            </param>
          </params>
          <reporter-output>
          </reporter-output>
        </test-method> <!-- basePageNavigation -->
        <test-method signature="basePageNavigation(java.lang.String, java.lang.String, java.lang.String)[pri:0, instance:Academy.HomePage@54e7391d]" started-at="2021-04-22T16:09:10 IST" name="basePageNavigation" data-provider="getData" finished-at="2021-04-22T16:09:13 IST" duration-ms="3310" status="PASS">
          <params>
            <param index="0">
              <value>
                <![CDATA[restricteduser@qw.com]]>
              </value>
            </param>
            <param index="1">
              <value>
                <![CDATA[456788]]>
              </value>
            </param>
            <param index="2">
              <value>
                <![CDATA[Non restricted user]]>
              </value>
            </param>
          </params>
          <reporter-output>
          </reporter-output>
        </test-method> <!-- basePageNavigation -->
        <test-method is-config="true" signature="teardown()[pri:0, instance:Academy.HomePage@54e7391d]" started-at="2021-04-22T16:09:13 IST" name="teardown" finished-at="2021-04-22T16:09:13 IST" duration-ms="98" status="PASS">
          <reporter-output>
          </reporter-output>
        </test-method> <!-- teardown -->
      </class> <!-- Academy.HomePage -->
    </test> <!-- validating user login -->
    <test started-at="2021-04-22T16:09:13 IST" name="Validating title in the page" finished-at="2021-04-22T16:09:17 IST" duration-ms="3567">
      <class name="Academy.validateTitle">
        <test-method is-config="true" signature="initialize()[pri:0, instance:Academy.validateTitle@62c5bbdc]" started-at="2021-04-22T16:09:13 IST" name="initialize" finished-at="2021-04-22T16:09:17 IST" duration-ms="3325" status="PASS">
          <reporter-output>
          </reporter-output>
        </test-method> <!-- initialize -->
        <test-method signature="validateAppTitle()[pri:0, instance:Academy.validateTitle@62c5bbdc]" started-at="2021-04-22T16:09:17 IST" name="validateAppTitle" finished-at="2021-04-22T16:09:17 IST" duration-ms="49" status="PASS">
          <reporter-output>
          </reporter-output>
        </test-method> <!-- validateAppTitle -->
        <test-method signature="validateHeader()[pri:0, instance:Academy.validateTitle@62c5bbdc]" started-at="2021-04-22T16:09:17 IST" name="validateHeader" finished-at="2021-04-22T16:09:17 IST" duration-ms="45" status="PASS">
          <reporter-output>
          </reporter-output>
        </test-method> <!-- validateHeader -->
        <test-method is-config="true" signature="teardown()[pri:0, instance:Academy.validateTitle@62c5bbdc]" started-at="2021-04-22T16:09:17 IST" name="teardown" finished-at="2021-04-22T16:09:17 IST" duration-ms="143" status="PASS">
          <reporter-output>
          </reporter-output>
        </test-method> <!-- teardown -->
      </class> <!-- Academy.validateTitle -->
    </test> <!-- Validating title in the page -->
  </suite> <!-- Suite -->
</testng-results>
